"../../../Engine/Content/Animation/DefaultAnimCurveCompressionSettings.uasset" 0
"../../../Engine/Content/Functions/Engine_MaterialFunctions01/Opacity/CameraDepthFade.uasset" 1
"../../../Engine/Content/EngineMaterials/T_Default_Material_Grid_M.uasset" 2
"../../../Engine/Content/EngineMaterials/T_Default_Material_Grid_N.uasset" 3
"../../../Engine/Content/EngineMaterials/WorldGridMaterial.uasset" 4
"../../../Engine/Content/ArtTools/RenderToTexture/Meshes/S_1_Unit_Plane.uasset" 5
"../../../Engine/Content/EngineMaterials/DefaultPhysicalMaterial.uasset" 6
"../../../Engine/Content/BufferVisualization/AmbientOcclusion.uasset" 7
"../../../Engine/Content/BufferVisualization/BaseColor.uasset" 8
"../../../Engine/Content/BufferVisualization/CustomDepth.uasset" 9
"../../../Engine/Content/Functions/Engine_MaterialFunctions02/Utility/VectorLength.uasset" 10
"../../../Engine/Content/BufferVisualization/CustomDepthWorldUnits.uasset" 11
"../../../Engine/Content/Functions/Engine_MaterialFunctions02/Utility/BreakOutFloat2Components.uasset" 12
"../../../Engine/Content/Functions/Engine_MaterialFunctions01/Texturing/ScaleUVsByCenter.uasset" 13
"../../../Engine/Content/Functions/Engine_MaterialFunctions02/ScreenResolution.uasset" 14
"../../../Engine/Content/Functions/Engine_MaterialFunctions02/Texturing/ScreenAlignedUVs.uasset" 15
"../../../Engine/Content/Functions/Engine_MaterialFunctions02/Utility/MakeFloat2.uasset" 16
"../../../Engine/Content/Functions/Engine_MaterialFunctions02/Utility/MakeFloat3.uasset" 17
"../../../Engine/Content/EngineMaterials/MiniFont.uasset" 18
"../../../Engine/Content/BufferVisualization/CustomStencil.uasset" 19
"../../../Engine/Content/BufferVisualization/FinalImage.uasset" 20
"../../../Engine/Content/BufferVisualization/LightingModel.uasset" 21
"../../../Engine/Content/BufferVisualization/MaterialAO.uasset" 22
"../../../Engine/Content/BufferVisualization/Metallic.uasset" 23
"../../../Engine/Content/BufferVisualization/Opacity.uasset" 24
"../../../Engine/Content/BufferVisualization/PostTonemapHDRColor.uasset" 25
"../../../Engine/Content/BufferVisualization/PreTonemapHDRColor.uasset" 26
"../../../Engine/Content/BufferVisualization/Roughness.uasset" 27
"../../../Engine/Content/BufferVisualization/SceneColor.uasset" 28
"../../../Engine/Content/BufferVisualization/SceneDepth.uasset" 29
"../../../Engine/Content/BufferVisualization/SceneDepthWorldUnits.uasset" 30
"../../../Engine/Content/BufferVisualization/SeparateTranslucencyA.uasset" 31
"../../../Engine/Content/BufferVisualization/SeparateTranslucencyRGB.uasset" 32
"../../../Engine/Content/BufferVisualization/Specular.uasset" 33
"../../../Engine/Content/BufferVisualization/SubsurfaceColor.uasset" 34
"../../../Engine/Content/BufferVisualization/Velocity.uasset" 35
"../../../Engine/Content/BufferVisualization/WorldNormal.uasset" 36
"../../../Engine/Content/EditorLandscapeResources/DataLayer.uasset" 37
"../../../Engine/Content/EditorLandscapeResources/DefaultAlphaTexture.uasset" 38
"../../../Engine/Content/EditorLandscapeResources/LandscapeGizmoHeight_Mat.uasset" 39
"../../../Engine/Content/EditorLandscapeResources/LandscapeGizmo_Mat.uasset" 40
"../../../Engine/Content/EditorLandscapeResources/LandscapeGizmo_Mat_Copied.uasset" 41
"../../../Engine/Content/EditorLandscapeResources/SplineEditorMeshMat.uasset" 42
"../../../Engine/Content/EditorLandscapeResources/SplineEditorMesh.uasset" 43
"../../../Engine/Content/EditorMaterials/Cross.uasset" 44
"../../../Engine/Content/EditorMaterials/Cross_Mat.uasset" 45
"../../../Engine/Content/EditorMaterials/GizmoMaterial.uasset" 46
"../../../Engine/Content/Functions/Engine_MaterialFunctions02/ExampleContent/Textures/flipbook.uasset" 47
"../../../Engine/Content/Functions/Engine_MaterialFunctions02/Texturing/FlipBook.uasset" 48
"../../../Engine/Content/Functions/Engine_MaterialFunctions02/Utility/Sign.uasset" 49
"../../../Engine/Content/Functions/Engine_MaterialFunctions02/Utility/Round.uasset" 50
"../../../Engine/Content/EditorResources/T_EditorHelp.uasset" 51
"../../../Engine/Content/EditorMaterials/HelpActorMaterial.uasset" 52
"../../../Engine/Content/EditorMaterials/CompositeARGBLayer.uasset" 53
"../../../Engine/Content/EditorMaterials/TilingAALineIntegral.uasset" 54
"../../../Engine/Content/EditorMaterials/TilingAALineBoxFiltered.uasset" 55
"../../../Engine/Content/Functions/Engine_MaterialFunctions03/Procedurals/ComputeFilterWidth.uasset" 56
"../../../Engine/Content/EditorMaterials/TilingAADots.uasset" 57
"../../../Engine/Content/EngineMaterials/BlendFunc_DefBase.uasset" 58
"../../../Engine/Content/EngineMaterials/BlendFunc_DefBlend.uasset" 59
"../../../Engine/Content/Functions/Engine_MaterialFunctions03/Blends/Blend_Screen.uasset" 60
"../../../Engine/Content/EditorMaterials/TilingAAGrid.uasset" 61
"../../../Engine/Content/EditorMaterials/LevelGridMaterial.uasset" 62
"../../../Engine/Content/EditorMaterials/MakeCompositeARGBLayer.uasset" 63
"../../../Engine/Content/EditorResources/LevelGrid1DStripes.uasset" 64
"../../../Engine/Content/EditorMaterials/TextureGridCascaded1D.uasset" 65
"../../../Engine/Content/EditorMaterials/TextureGridCascaded2D.uasset" 66
"../../../Engine/Content/EditorMaterials/LevelGridMaterial2.uasset" 67
"../../../Engine/Content/EditorMaterials/MAT_Groups_Toggle.uasset" 68
"../../../Engine/Content/EditorMaterials/MAT_Groups_Visibility.uasset" 69
"../../../Engine/Content/EditorMaterials/PhAT_BoneSelectedMaterial.uasset" 70
"../../../Engine/Content/EditorMaterials/PhAT_ElemSelectedMaterial.uasset" 71
"../../../Engine/Content/EditorMaterials/PhAT_NoCollisionMaterial.uasset" 72
"../../../Engine/Content/EditorMaterials/PhAT_UnselectedMaterial.uasset" 73
"../../../Engine/Content/EditorMaterials/PreviewShadowIndicator.uasset" 74
"../../../Engine/Content/EditorMaterials/PreviewShadowIndicatorMaterial.uasset" 75
"../../../Engine/Content/EditorMaterials/TargetIcon.uasset" 76
"../../../Engine/Content/EditorMaterials/Tick.uasset" 77
"../../../Engine/Content/EditorMaterials/Tick_Mat.uasset" 78
"../../../Engine/Content/EditorMaterials/WidgetGridVertexColorMaterial.uasset" 79
"../../../Engine/Content/EditorMaterials/WidgetGridVertexColorMaterial_Ma.uasset" 80
"../../../Engine/Content/EditorMaterials/WidgetMaterial.uasset" 81
"../../../Engine/Content/EditorMaterials/WidgetMaterial_Current.uasset" 82
"../../../Engine/Content/EditorMaterials/WidgetMaterial_X.uasset" 83
"../../../Engine/Content/EditorMaterials/WidgetMaterial_Y.uasset" 84
"../../../Engine/Content/EditorMaterials/WidgetMaterial_Z.uasset" 85
"../../../Engine/Content/EditorMaterials/WidgetVertexColorMaterial.uasset" 86
"../../../Engine/Content/EditorMaterials/MatineeGroups/MAT_ColorTrack.uasset" 87
"../../../Engine/Content/EditorMaterials/MatineeGroups/MAT_Groups_Anim.uasset" 88
"../../../Engine/Content/EditorMaterials/MatineeGroups/MAT_Groups_AudioMaster.uasset" 89
"../../../Engine/Content/EditorMaterials/MatineeGroups/MAT_Groups_Director.uasset" 90
"../../../Engine/Content/EditorMaterials/MatineeGroups/MAT_Groups_Event.uasset" 91
"../../../Engine/Content/EditorMaterials/MatineeGroups/MAT_Groups_Fade.uasset" 92
"../../../Engine/Content/EditorMaterials/MatineeGroups/MAT_Groups_Float.uasset" 93
"../../../Engine/Content/EditorMaterials/MatineeGroups/MAT_Groups_Move.uasset" 94
"../../../Engine/Content/EditorMaterials/MatineeGroups/MAT_Groups_Slomo.uasset" 95
"../../../Engine/Content/EditorMaterials/MatineeGroups/MAT_Groups_Sound.uasset" 96
"../../../Engine/Content/EditorMaterials/MatineeGroups/MAT_Groups_Vector.uasset" 97
"../../../Engine/Content/EditorMaterials/ParticleSystems/PSysThumbnail_NoImage.uasset" 98
"../../../Engine/Content/EditorMaterials/ParticleSystems/PSysThumbnail_OOD.uasset" 99
"../../../Engine/Content/EngineMaterials/Grid.uasset" 100
"../../../Engine/Content/EditorMaterials/Thumbnails/FloorPlaneMaterial.uasset" 101
"../../../Engine/Content/EditorMeshes/EditorCube.uasset" 102
"../../../Engine/Content/EditorMeshes/EditorCylinder.uasset" 103
"../../../Engine/Content/EditorMeshes/EditorPlane.uasset" 104
"../../../Engine/Content/EditorMaterials/Thumbnails/SkySphereMaterial.uasset" 105
"../../../Engine/Content/EditorMeshes/EditorSkySphere.uasset" 106
"../../../Engine/Content/EditorMeshes/EditorSphere.uasset" 107
"../../../Engine/Content/EditorResources/MatineeCam_D.uasset" 108
"../../../Engine/Content/EditorMaterials/MatineeCam_mat.uasset" 109
"../../../Engine/Content/EditorMeshes/MatineeCam_SM.uasset" 110
"../../../Engine/Content/EditorMeshes/PlanarReflectionPlane.uasset" 111
"../../../Engine/Content/EditorMaterials/Camera/CineMat.uasset" 112
"../../../Engine/Content/EditorMaterials/Camera/MI_CineMat_CameraBody.uasset" 113
"../../../Engine/Content/EngineDebugMaterials/M_SimpleOpaque.uasset" 114
"../../../Engine/Content/EditorMaterials/Camera/MI_CineMat_CamViewFinder.uasset" 115
"../../../Engine/Content/EditorMeshes/Camera/SM_CineCam.uasset" 116
"../../../Engine/Content/EditorMaterials/Camera/MI_CineMat_Rig.uasset" 117
"../../../Engine/Content/EditorMeshes/Camera/SM_CraneRig_Arm.uasset" 118
"../../../Engine/Content/EditorMeshes/Camera/SM_CraneRig_Base.uasset" 119
"../../../Engine/Content/EditorMeshes/Camera/SM_CraneRig_Body.uasset" 120
"../../../Engine/Content/EditorMeshes/Camera/SM_CraneRig_Mount.uasset" 121
"../../../Engine/Content/EditorMeshes/Camera/SM_RailRig_Mount.uasset" 122
"../../../Engine/Content/EditorMeshes/Camera/SM_RailRig_Track.uasset" 123
"../../../Engine/Content/EditorMeshes/ColorCalibrator/M_ChromeBall.uasset" 124
"../../../Engine/Content/EditorResources/Bad.uasset" 125
"../../../Engine/Content/EditorResources/BSPVertex.uasset" 126
"../../../Engine/Content/EditorResources/EmptyActor.uasset" 127
"../../../Engine/Content/EditorResources/MatInstActSprite.uasset" 128
"../../../Engine/Content/EditorResources/SceneManager.uasset" 129
"../../../Engine/Content/EditorResources/SmallFont.uasset" 130
"../../../Engine/Content/EditorResources/S_Actor.uasset" 131
"../../../Engine/Content/EditorResources/S_DecalActorIcon.uasset" 132
"../../../Engine/Content/EditorResources/S_Emitter.uasset" 133
"../../../Engine/Content/EditorResources/S_ExpoHeightFog.uasset" 134
"../../../Engine/Content/EditorResources/S_FTest.uasset" 135
"../../../Engine/Content/EditorResources/S_KBSJoint.uasset" 136
"../../../Engine/Content/EditorResources/S_KHinge.uasset" 137
"../../../Engine/Content/EditorResources/S_KPrismatic.uasset" 138
"../../../Engine/Content/EditorResources/S_LevelSequence.uasset" 139
"../../../Engine/Content/EditorResources/S_NavP.uasset" 140
"../../../Engine/Content/EditorResources/S_Note.uasset" 141
"../../../Engine/Content/EditorResources/S_Player.uasset" 142
"../../../Engine/Content/EditorResources/S_PortalActorIcon2.uasset" 143
"../../../Engine/Content/EditorResources/S_RadForce.uasset" 144
"../../../Engine/Content/EditorResources/S_ReflActorIcon.uasset" 145
"../../../Engine/Content/EditorResources/S_Terrain.uasset" 146
"../../../Engine/Content/EditorResources/S_TextRenderActorIcon.uasset" 147
"../../../Engine/Content/EditorResources/S_Thruster.uasset" 148
"../../../Engine/Content/EditorResources/S_Trigger.uasset" 149
"../../../Engine/Content/EditorResources/S_VectorFieldVol.uasset" 150
"../../../Engine/Content/EditorResources/S_WindDirectional.uasset" 151
"../../../Engine/Content/EditorResources/AI/S_NavLink.uasset" 152
"../../../Engine/Content/EditorResources/LightIcons/SkyLight.uasset" 153
"../../../Engine/Content/EditorResources/LightIcons/S_LightDirectional.uasset" 154
"../../../Engine/Content/EditorResources/LightIcons/S_LightDirectionalMove.uasset" 155
"../../../Engine/Content/EditorResources/LightIcons/S_LightError.uasset" 156
"../../../Engine/Content/EditorResources/LightIcons/S_LightPoint.uasset" 157
"../../../Engine/Content/EditorResources/LightIcons/S_LightPointMove.uasset" 158
"../../../Engine/Content/EditorResources/LightIcons/S_LightSpot.uasset" 159
"../../../Engine/Content/EditorResources/LightIcons/S_LightSpotMove.uasset" 160
"../../../Engine/Content/EditorResources/SequenceRecorder/Countdown.uasset" 161
"../../../Engine/Content/EditorResources/SequenceRecorder/RecordingIndicator.uasset" 162
"../../../Engine/Content/EditorResources/Spline/T_Loft_Spline.uasset" 163
"../../../Engine/Content/EditorSounds/Notifications/CompileFailed.uasset" 164
"../../../Engine/Content/EditorSounds/Notifications/CompileFailed_Cue.uasset" 165
"../../../Engine/Content/EditorSounds/Notifications/CompileSuccess.uasset" 166
"../../../Engine/Content/EditorSounds/Notifications/CompileStart_Cue.uasset" 167
"../../../Engine/Content/EditorSounds/Notifications/CompileSuccess_Cue.uasset" 168
"../../../Engine/Content/EngineDamageTypes/DmgTypeBP_Environmental.uasset" 169
"../../../Engine/Content/EngineDebugMaterials/HeatmapGradient.uasset" 170
"../../../Engine/Content/EngineDebugMaterials/BoneWeightMaterial.uasset" 171
"../../../Engine/Content/EngineDebugMaterials/ClothMaterial.uasset" 172
"../../../Engine/Content/EngineDebugMaterials/ClothMaterial_WF.uasset" 173
"../../../Engine/Content/EngineDebugMaterials/DebugEditorMaterial.uasset" 174
"../../../Engine/Content/EngineDebugMaterials/DebugMeshMaterial.uasset" 175
"../../../Engine/Content/EngineDebugMaterials/GeomMaterial.uasset" 176
"../../../Engine/Content/Functions/Engine_MaterialFunctions01/Shading/ConvertFromDiffSpec.uasset" 177
"../../../Engine/Content/EngineDebugMaterials/LevelColorationLitMaterial.uasset" 178
"../../../Engine/Content/EngineDebugMaterials/LevelColorationUnlitMaterial.uasset" 179
"../../../Engine/Content/EngineMaterials/DefaultWhiteGrid.uasset" 180
"../../../Engine/Content/EngineDebugMaterials/MAT_LevelColorationLitLightmapUV.uasset" 181
"../../../Engine/Content/EngineDebugMaterials/M_SimpleTranslucent.uasset" 182
"../../../Engine/Content/EngineDebugMaterials/ShadedLevelColorationLitMaterial.uasset" 183
"../../../Engine/Content/EngineDebugMaterials/ShadedLevelColorationUnlitMateri.uasset" 184
"../../../Engine/Content/EngineDebugMaterials/VertexColorMaterial.uasset" 185
"../../../Engine/Content/EngineDebugMaterials/VertexColorViewMode_AlphaAsColor.uasset" 186
"../../../Engine/Content/EngineDebugMaterials/VertexColorViewMode_BlueOnly.uasset" 187
"../../../Engine/Content/EngineDebugMaterials/VertexColorViewMode_ColorOnly.uasset" 188
"../../../Engine/Content/EngineDebugMaterials/VertexColorViewMode_GreenOnly.uasset" 189
"../../../Engine/Content/EngineDebugMaterials/VertexColorViewMode_RedOnly.uasset" 190
"../../../Engine/Content/EngineDebugMaterials/WireframeMaterial.uasset" 191
"../../../Engine/Content/EngineFonts/Faces/RobotoBold.uasset" 192
"../../../Engine/Content/EngineFonts/Faces/RobotoBoldItalic.uasset" 193
"../../../Engine/Content/EngineFonts/Faces/RobotoItalic.uasset" 194
"../../../Engine/Content/EngineFonts/Faces/RobotoLight.uasset" 195
"../../../Engine/Content/EngineFonts/Faces/RobotoRegular.uasset" 196
"../../../Engine/Content/EngineFonts/Roboto.uasset" 197
"../../../Engine/Content/EngineFonts/Faces/RobotoTiny.uasset" 198
"../../../Engine/Content/EngineFonts/RobotoTiny.uasset" 199
"../../../Engine/Content/EngineFonts/SmallFont.uasset" 200
"../../../Engine/Content/EngineFonts/TinyFont.uasset" 201
"../../../Engine/Content/EngineMaterials/BaseFlattenDiffuseMap.uasset" 202
"../../../Engine/Content/EngineMaterials/BaseFlattenEmissiveMap.uasset" 203
"../../../Engine/Content/EngineMaterials/BaseFlattenGrayscaleMap.uasset" 204
"../../../Engine/Content/EngineMaterials/BaseFlattenNormalMap.uasset" 205
"../../../Engine/Content/EngineMaterials/BaseFlattenMaterial.uasset" 206
"../../../Engine/Content/EngineMaterials/DefaultBloomKernel.uasset" 207
"../../../Engine/Content/EngineMaterials/DefaultBokeh.uasset" 208
"../../../Engine/Content/EngineMaterials/DefaultDiffuse.uasset" 209
"../../../Engine/Content/EngineMaterials/DefaultDeferredDecalMaterial.uasset" 210
"../../../Engine/Content/EngineMaterials/DefaultLightFunctionMaterial.uasset" 211
"../../../Engine/Content/EngineMaterials/DefaultNormal.uasset" 212
"../../../Engine/Content/EngineMaterials/DefaultPostProcessMaterial.uasset" 213
"../../../Engine/Content/EngineFonts/RobotoDistanceField.uasset" 214
"../../../Engine/Content/EngineMaterials/DefaultTextMaterialOpaque.uasset" 215
"../../../Engine/Content/EngineMaterials/EditorBrushMaterial.uasset" 216
"../../../Engine/Content/EngineMaterials/Good64x64TilingNoiseHighFreq.uasset" 217
"../../../Engine/Content/EngineMaterials/Grid_N.uasset" 218
"../../../Engine/Content/EngineMaterials/HighResolutionScreenshotMaskFunction.uasset" 219
"../../../Engine/Content/EngineMaterials/HighResScreenshot.uasset" 220
"../../../Engine/Content/EngineMaterials/HighResScreenshotCaptureRegion.uasset" 221
"../../../Engine/Content/EngineMaterials/HighResScreenshotMask.uasset" 222
"../../../Engine/Content/EngineMaterials/LandscapeHolePhysicalMaterial.uasset" 223
"../../../Engine/Content/EngineMaterials/InvalidLightmapSettings.uasset" 224
"../../../Engine/Content/EngineMaterials/M_InvalidLightmapSettings.uasset" 225
"../../../Engine/Content/EngineMaterials/PaperDiffuse.uasset" 226
"../../../Engine/Content/EngineMaterials/PaperNormal.uasset" 227
"../../../Engine/Content/Functions/Engine_MaterialFunctions02/WorldPositionOffset/CameraOffset.uasset" 228
"../../../Engine/Content/EngineMaterials/PhAT_JointLimitMaterial.uasset" 229
"../../../Engine/Content/EngineMaterials/PhysMat_Rubber.uasset" 230
"../../../Engine/Content/EngineMaterials/PreintegratedSkinBRDF.uasset" 231
"../../../Engine/Content/EngineMaterials/RemoveSurfaceMaterial.uasset" 232
"../../../Engine/Content/EngineMaterials/WeightMapPlaceholderTexture.uasset" 233
"../../../Engine/Content/EngineResources/WhiteSquareTexture.uasset" 234
"../../../Engine/Content/EngineMaterials/Widget3DPassThrough.uasset" 235
"../../../Engine/Content/EngineMaterials/Widget3DPassThrough_Masked.uasset" 236
"../../../Engine/Content/EngineMaterials/Widget3DPassThrough_Opaque.uasset" 237
"../../../Engine/Content/EngineMaterials/Widget3DPassThrough_Masked_OneSided.uasset" 238
"../../../Engine/Content/EngineMaterials/Widget3DPassThrough_Opaque_OneSided.uasset" 239
"../../../Engine/Content/EngineMaterials/Widget3DPassThrough_Translucent.uasset" 240
"../../../Engine/Content/EngineMaterials/Widget3DPassThrough_Translucent_OneSided.uasset" 241
"../../../Engine/Content/EngineMaterials/DefaultMaterial.uasset" 242
"../../../Engine/Content/EngineMeshes/Cylinder.uasset" 243
"../../../Engine/Content/EngineMeshes/Sphere.uasset" 244
"../../../Engine/Content/EngineResources/Black.uasset" 245
"../../../Engine/Content/EngineResources/DefaultTexture.uasset" 246
"../../../Engine/Content/EngineResources/DefaultTextureCube.uasset" 247
"../../../Engine/Content/EngineResources/DefaultVolumeTexture2D.uasset" 248
"../../../Engine/Content/EngineResources/DefaultVolumeTexture.uasset" 249
"../../../Engine/Content/EngineResources/GradientTexture0.uasset" 250
"../../../Engine/Content/EngineResources/StreamingPauseIcon.uasset" 251
"../../../Engine/Content/EngineResources/M_StreamingPause.uasset" 252
"../../../Engine/Content/EngineSounds/Master.uasset" 253
"../../../Engine/Content/Functions/Engine_MaterialFunctions01/Shading/PowerToRoughness.uasset" 254
"../../../Engine/Content/Maps/Templates/Thumbnails/Default.uasset" 255
"../../../Engine/Content/Maps/Templates/Thumbnails/VR-Basic.uasset" 256
"../../../Engine/Content/MapTemplates/Sky/DaylightAmbientCubemap.uasset" 257
"../../../Engine/Content/MobileResources/T_MobileControls_texture.uasset" 258
"../../../Engine/Content/MobileResources/T_MobileMenu2.uasset" 259
"../../../Engine/Content/MobileResources/HUD/AnalogHat.uasset" 260
"../../../Engine/Content/MobileResources/HUD/VirtualJoystick_Background.uasset" 261
"../../../Engine/Content/MobileResources/HUD/VirtualJoystick_Thumb.uasset" 262
"../../../Engine/Content/MobileResources/HUD/DefaultVirtualJoysticks.uasset" 263
"../../../Engine/Content/MobileResources/HUD/LeftVirtualJoystickOnly.uasset" 264
"../../../Engine/Content/MobileResources/HUD/MobileHUDButton1_off.uasset" 265
"../../../Engine/Content/MobileResources/HUD/MobileHUDButton1_on.uasset" 266
"../../../Engine/Content/MobileResources/HUD/MobileHUDButton2_off.uasset" 267
"../../../Engine/Content/MobileResources/HUD/MobileHUDButton2_on.uasset" 268
"../../../Engine/Content/MobileResources/HUD/MobileHUDButton3.uasset" 269
"../../../Engine/Content/MobileResources/HUD/MobileHUDButtonFire.uasset" 270
"../../../Engine/Content/MobileResources/HUD/MobileHUDDirectionPad.uasset" 271
"../../../Engine/Content/MobileResources/HUD/MobileHUDDirectionPad2.uasset" 272
"../../../Engine/Content/MobileResources/HUD/MobileHUDDirectionPad3.uasset" 273
"../../../Engine/Content/MobileResources/HUD/MobileHUDDirectionStick.uasset" 274
"../../../Engine/Content/MobileResources/HUD/T_Castle_ThumbstickInner.uasset" 275
"../../../Engine/Content/MobileResources/HUD/T_Castle_ThumbstickOutter.uasset" 276
"../../../Engine/Content/Tutorial/ContentIntroCurve.uasset" 277
"../../../Engine/Content/Tutorial/Basics/LevelEditorAttract.uasset" 278
"../../../Engine/Content/Tutorial/Basics/TutorialAssets/icon_tab_Levels_40x.uasset" 279
"../../../Engine/Content/Tutorial/Basics/LevelEditorOverview.uasset" 280
"../../../Engine/Content/Tutorial/Installation/InstallingVisualStudioTutorial.uasset" 281
"../../../Engine/Content/Tutorial/Mobile/TutorialAssets/android_Icon.uasset" 282
"../../../Engine/Content/Tutorial/Mobile/SettingUpAndroidTutorial.uasset" 283
"../../../Engine/Content/Tutorial/SubEditors/GettingSubstance.uasset" 284
"../../../Engine/Content/VREditor/LaserPointer/VR_LaserPower_01.uasset" 285
"../../../Engine/Content/VREditor/TransformGizmo/TransformGizmoMaterial.uasset" 286
"../../../Engine/Content/VREditor/TransformGizmo/TranslucentTransformGizmoMaterial.uasset" 287
"../../../Engine/Content/VREditor/TransformGizmo/BoundingBoxCorner.uasset" 288
"../../../Engine/Content/VREditor/TransformGizmo/BoundingBoxEdge.uasset" 289
"../../../Engine/Content/VREditor/TransformGizmo/PlaneTranslationHandle.uasset" 290
"../../../Engine/Content/VREditor/TransformGizmo/Main.uasset" 291
"../../../Engine/Content/VREditor/TransformGizmo/Xray.uasset" 292
"../../../Engine/Content/VREditor/TransformGizmo/SM_Sequencer_Key.uasset" 293
"../../../Engine/Content/VREditor/TransformGizmo/SM_Sequencer_Node.uasset" 294
"../../Plugins/2D/Paper2D/Content/PlaceholderTextures/DummySpriteTexture.uasset" 295
"../../Plugins/2D/Paper2D/Content/DummySprite.uasset" 296
"../../Plugins/2D/Paper2D/Content/DefaultPaperTerrainMaterial.uasset" 297
"../../Plugins/2D/Paper2D/Content/DefaultSpriteMaterial.uasset" 298
"../../Plugins/2D/Paper2D/Content/MaskedUnlitSpriteMaterial.uasset" 299
"../../Plugins/2D/Paper2D/Content/OpaqueUnlitSpriteMaterial.uasset" 300
"../../Plugins/Runtime/Oculus/OculusVR/Content/OculusMR_RenderTarget.uasset" 301
"../../../Engine/Content/Functions/Engine_MaterialFunctions02/Utility/BreakOutFloat4Components.uasset" 302
"../../Plugins/Runtime/Oculus/OculusVR/Content/Materials/OculusMR_ChromaKey.uasset" 303
"../../Plugins/Runtime/Oculus/OculusVR/Content/Materials/OculusMR_ChromaKey_Lit.uasset" 304
"../../Plugins/Runtime/Oculus/OculusVR/Content/Materials/OculusMR_OpaqueColoredMaterial.uasset" 305
"../../Plugins/Runtime/Oculus/OculusVR/Content/Materials/OculusMR_WhiteMaterial.uasset" 306
"../../Plugins/Runtime/Oculus/OculusVR/Content/Materials/PokeAHoleMaterial.uasset" 307
"../../Plugins/Runtime/Oculus/OculusVR/Content/Textures/GearVRController_AO.uasset" 308
"../../Plugins/Runtime/Oculus/OculusVR/Content/Textures/GearVRController_Color.uasset" 309
"../../Plugins/Runtime/Oculus/OculusVR/Content/Textures/GearVRController_Normal.uasset" 310
"../../Plugins/Runtime/Oculus/OculusVR/Content/Materials/GearVRControllerMaterial.uasset" 311
"../../Plugins/Runtime/Oculus/OculusVR/Content/Meshes/GearVrController.uasset" 312
"../../Plugins/Runtime/Oculus/OculusVR/Content/Textures/touchController_albedo.uasset" 313
"../../Plugins/Runtime/Oculus/OculusVR/Content/Textures/touchController_controlmap.uasset" 314
"../../Plugins/Runtime/Oculus/OculusVR/Content/Materials/touchController_mat.uasset" 315
"../../Plugins/Runtime/Oculus/OculusVR/Content/Meshes/LeftTouchController.uasset" 316
"../../Plugins/Runtime/Oculus/OculusVR/Content/Meshes/RiftHMD.uasset" 317
"../../Plugins/Runtime/Oculus/OculusVR/Content/Meshes/RightTouchController.uasset" 318
"../../../Engine/Content/Maps/Entry_BuiltData.uasset" 319
"../../../Engine/Content/Maps/Entry.umap" 320
"../../../Engine/Content/EditorBlueprintResources/StandardMacros.uasset" 321
"../../../Engine/Content/EngineSky/C_Sky_Cloud_Color.uasset" 322
"../../../Engine/Content/EngineSky/C_Sky_Horizon_Color.uasset" 323
"../../../Engine/Content/EngineSky/C_Sky_Zenith_Color.uasset" 324
"../../../Engine/Content/EngineSky/T_Sky_Blue.uasset" 325
"../../../Engine/Content/EngineSky/T_Sky_Clouds_M.uasset" 326
"../../../Engine/Content/EngineSky/T_Sky_Stars.uasset" 327
"../../../Engine/Content/EngineSky/M_Sky_Panning_Clouds2.uasset" 328
"../../../Engine/Content/EngineSky/SM_SkySphere.uasset" 329
"../../../Engine/Content/EngineSky/BP_Sky_Sphere.uasset" 330
"../../../../../../Users/danie/OneDrive/Documentos/Unreal Projects/MyProject2V22/Content/Widget/HoraLocal.uasset" 331
"../../Plugins/Runtime/Oculus/OculusVR/Content/Textures/OculusGoController_albedo.uasset" 332
"../../Plugins/Runtime/Oculus/OculusVR/Content/Materials/OculusGoControllerMaterial.uasset" 333
"../../Plugins/Runtime/Oculus/OculusVR/Content/Meshes/OculusGoController.uasset" 334
"../../../../../../Users/danie/OneDrive/Documentos/Unreal Projects/MyProject2V22/Content/OculusGoMove_Gun/VRCharacterMove.uasset" 335
"../../../../../../Users/danie/OneDrive/Documentos/Unreal Projects/MyProject2V22/Content/OculusGoMove_Gun/VRGame.uasset" 336
"../../../../../../Users/danie/OneDrive/Documentos/Unreal Projects/MyProject2V22/Content/MapaPrincipal_BuiltData.uasset" 337
"../../../Engine/Content/Functions/Engine_MaterialFunctions01/Texturing/FlattenNormal.uasset" 338
"../../../Engine/Content/EngineMaterials/FlatNormal.uasset" 339
"../../Plugins/Enterprise/DatasmithContent/Content/Materials/CE_BaseMaster.uasset" 340
"../../Plugins/Enterprise/DatasmithContent/Content/Materials/CE_OpacityMaster.uasset" 341
"../../../Engine/Content/BasicShapes/BasicShapeMaterial.uasset" 342
"../../../Engine/Content/EngineMaterials/BlinkingCaret.uasset" 343
"../../Plugins/Developer/AnimationSharing/Content/AnimSharingBase.uasset" 344
"../../Plugins/Developer/AnimationSharing/Content/AnimSharingBlue.uasset" 345
"../../../Engine/Content/BasicShapes/Cone.uasset" 346
"../../../Engine/Content/BasicShapes/Cube.uasset" 347
"../../../Engine/Content/BasicShapes/Cylinder.uasset" 348
"../../../Engine/Content/BasicShapes/Sphere.uasset" 349
"../../../Engine/Content/MapTemplates/SM_Template_Map_Floor.uasset" 350
"../../../../../../Users/danie/OneDrive/Documentos/Unreal Projects/MyProject2V22/Content/CarritoSupermercado/_Charcoal_.uasset" 351
"../../../../../../Users/danie/OneDrive/Documentos/Unreal Projects/MyProject2V22/Content/CarritoSupermercado/_DarkBlue_.uasset" 352
"../../../../../../Users/danie/OneDrive/Documentos/Unreal Projects/MyProject2V22/Content/CarritoSupermercado/_LightSteelBlue_.uasset" 353
"../../../../../../Users/danie/OneDrive/Documentos/Unreal Projects/MyProject2V22/Content/CarritoSupermercado/_Silver_.uasset" 354
"../../../../../../Users/danie/OneDrive/Documentos/Unreal Projects/MyProject2V22/Content/CarritoSupermercado/CartMesh1.uasset" 355
"../../../../../../Users/danie/OneDrive/Documentos/Unreal Projects/MyProject2V22/Content/CarritoSupermercado/CartMesh.uasset" 356
"../../../../../../Users/danie/OneDrive/Documentos/Unreal Projects/MyProject2V22/Content/CarritoSupermercado/FrontColor.uasset" 357
"../../../../../../Users/danie/OneDrive/Documentos/Unreal Projects/MyProject2V22/Content/CarritoSupermercado/SillaSupermercado.uasset" 358
"../../../../../../Users/danie/OneDrive/Documentos/Unreal Projects/MyProject2V22/Content/MapaPrincipal.umap" 359
"../../../../../../Users/danie/OneDrive/Documentos/Unreal Projects/MyProject2V22/Content/NuevoMapa_BuiltData.uasset" 360
"../../../Engine/Content/BasicShapes/Plane.uasset" 361
"../../../../../../Users/danie/OneDrive/Documentos/Unreal Projects/MyProject2V22/Content/GondolaGrande/M_0136_Charcoal.uasset" 362
"../../../../../../Users/danie/OneDrive/Documentos/Unreal Projects/MyProject2V22/Content/GondolaGrande/Masisa_Teca_Italia1.uasset" 363
"../../../../../../Users/danie/OneDrive/Documentos/Unreal Projects/MyProject2V22/Content/GondolaGrande/Masisa_Teca_Italia.uasset" 364
"../../../../../../Users/danie/OneDrive/Documentos/Unreal Projects/MyProject2V22/Content/GondolaGrande/GondolaGrande_Mesh1.uasset" 365
"../../../../../../Users/danie/OneDrive/Documentos/Unreal Projects/MyProject2V22/Content/GondolaGrande/GondolaGrande_Mesh10.uasset" 366
"../../../../../../Users/danie/OneDrive/Documentos/Unreal Projects/MyProject2V22/Content/GondolaGrande/FrontColor.uasset" 367
"../../../../../../Users/danie/OneDrive/Documentos/Unreal Projects/MyProject2V22/Content/GondolaGrande/GondolaGrande_Mesh100.uasset" 368
"../../../../../../Users/danie/OneDrive/Documentos/Unreal Projects/MyProject2V22/Content/GondolaGrande/GondolaGrande_Mesh101.uasset" 369
"../../../../../../Users/danie/OneDrive/Documentos/Unreal Projects/MyProject2V22/Content/GondolaGrande/GondolaGrande_Mesh102.uasset" 370
"../../../../../../Users/danie/OneDrive/Documentos/Unreal Projects/MyProject2V22/Content/GondolaGrande/GondolaGrande_Mesh103.uasset" 371
"../../../../../../Users/danie/OneDrive/Documentos/Unreal Projects/MyProject2V22/Content/GondolaGrande/GondolaGrande_Mesh104.uasset" 372
"../../../../../../Users/danie/OneDrive/Documentos/Unreal Projects/MyProject2V22/Content/GondolaGrande/GondolaGrande_Mesh105.uasset" 373
"../../../../../../Users/danie/OneDrive/Documentos/Unreal Projects/MyProject2V22/Content/GondolaGrande/GondolaGrande_Mesh106.uasset" 374
"../../../../../../Users/danie/OneDrive/Documentos/Unreal Projects/MyProject2V22/Content/GondolaGrande/GondolaGrande_Mesh107.uasset" 375
"../../../../../../Users/danie/OneDrive/Documentos/Unreal Projects/MyProject2V22/Content/GondolaGrande/GondolaGrande_Mesh108.uasset" 376
"../../../../../../Users/danie/OneDrive/Documentos/Unreal Projects/MyProject2V22/Content/GondolaGrande/GondolaGrande_Mesh109.uasset" 377
"../../../../../../Users/danie/OneDrive/Documentos/Unreal Projects/MyProject2V22/Content/GondolaGrande/M_0135_DarkGray.uasset" 378
"../../../../../../Users/danie/OneDrive/Documentos/Unreal Projects/MyProject2V22/Content/GondolaGrande/GondolaGrande_Mesh11.uasset" 379
"../../../../../../Users/danie/OneDrive/Documentos/Unreal Projects/MyProject2V22/Content/GondolaGrande/GondolaGrande_Mesh110.uasset" 380
"../../../../../../Users/danie/OneDrive/Documentos/Unreal Projects/MyProject2V22/Content/GondolaGrande/GondolaGrande_Mesh111.uasset" 381
"../../../../../../Users/danie/OneDrive/Documentos/Unreal Projects/MyProject2V22/Content/GondolaGrande/GondolaGrande_Mesh112.uasset" 382
"../../../../../../Users/danie/OneDrive/Documentos/Unreal Projects/MyProject2V22/Content/GondolaGrande/GondolaGrande_Mesh113.uasset" 383
"../../../../../../Users/danie/OneDrive/Documentos/Unreal Projects/MyProject2V22/Content/GondolaGrande/GondolaGrande_Mesh114.uasset" 384
"../../../../../../Users/danie/OneDrive/Documentos/Unreal Projects/MyProject2V22/Content/GondolaGrande/GondolaGrande_Mesh115.uasset" 385
"../../../../../../Users/danie/OneDrive/Documentos/Unreal Projects/MyProject2V22/Content/GondolaGrande/GondolaGrande_Mesh116.uasset" 386
"../../../../../../Users/danie/OneDrive/Documentos/Unreal Projects/MyProject2V22/Content/GondolaGrande/GondolaGrande_Mesh117.uasset" 387
"../../../../../../Users/danie/OneDrive/Documentos/Unreal Projects/MyProject2V22/Content/GondolaGrande/GondolaGrande_Mesh118.uasset" 388
"../../../../../../Users/danie/OneDrive/Documentos/Unreal Projects/MyProject2V22/Content/GondolaGrande/GondolaGrande_Mesh119.uasset" 389
"../../../../../../Users/danie/OneDrive/Documentos/Unreal Projects/MyProject2V22/Content/GondolaGrande/GondolaGrande_Mesh12.uasset" 390
"../../../../../../Users/danie/OneDrive/Documentos/Unreal Projects/MyProject2V22/Content/GondolaGrande/GondolaGrande_Mesh120.uasset" 391
"../../../../../../Users/danie/OneDrive/Documentos/Unreal Projects/MyProject2V22/Content/GondolaGrande/GondolaGrande_Mesh121.uasset" 392
"../../../../../../Users/danie/OneDrive/Documentos/Unreal Projects/MyProject2V22/Content/GondolaGrande/GondolaGrande_Mesh122.uasset" 393
"../../../../../../Users/danie/OneDrive/Documentos/Unreal Projects/MyProject2V22/Content/GondolaGrande/GondolaGrande_Mesh123.uasset" 394
"../../../../../../Users/danie/OneDrive/Documentos/Unreal Projects/MyProject2V22/Content/GondolaGrande/GondolaGrande_Mesh124.uasset" 395
"../../../../../../Users/danie/OneDrive/Documentos/Unreal Projects/MyProject2V22/Content/GondolaGrande/GondolaGrande_Mesh125.uasset" 396
"../../../../../../Users/danie/OneDrive/Documentos/Unreal Projects/MyProject2V22/Content/GondolaGrande/GondolaGrande_Mesh126.uasset" 397
"../../../../../../Users/danie/OneDrive/Documentos/Unreal Projects/MyProject2V22/Content/GondolaGrande/GondolaGrande_Mesh127.uasset" 398
"../../../../../../Users/danie/OneDrive/Documentos/Unreal Projects/MyProject2V22/Content/GondolaGrande/GondolaGrande_Mesh128.uasset" 399
"../../../../../../Users/danie/OneDrive/Documentos/Unreal Projects/MyProject2V22/Content/GondolaGrande/GondolaGrande_Mesh129.uasset" 400
"../../../../../../Users/danie/OneDrive/Documentos/Unreal Projects/MyProject2V22/Content/GondolaGrande/GondolaGrande_Mesh13.uasset" 401
"../../../../../../Users/danie/OneDrive/Documentos/Unreal Projects/MyProject2V22/Content/GondolaGrande/GondolaGrande_Mesh130.uasset" 402
"../../../../../../Users/danie/OneDrive/Documentos/Unreal Projects/MyProject2V22/Content/GondolaGrande/GondolaGrande_Mesh131.uasset" 403
"../../../../../../Users/danie/OneDrive/Documentos/Unreal Projects/MyProject2V22/Content/GondolaGrande/GondolaGrande_Mesh132.uasset" 404
"../../../../../../Users/danie/OneDrive/Documentos/Unreal Projects/MyProject2V22/Content/GondolaGrande/GondolaGrande_Mesh133.uasset" 405
"../../../../../../Users/danie/OneDrive/Documentos/Unreal Projects/MyProject2V22/Content/GondolaGrande/GondolaGrande_Mesh134.uasset" 406
"../../../../../../Users/danie/OneDrive/Documentos/Unreal Projects/MyProject2V22/Content/GondolaGrande/GondolaGrande_Mesh135.uasset" 407
"../../../../../../Users/danie/OneDrive/Documentos/Unreal Projects/MyProject2V22/Content/GondolaGrande/GondolaGrande_Mesh136.uasset" 408
"../../../../../../Users/danie/OneDrive/Documentos/Unreal Projects/MyProject2V22/Content/GondolaGrande/GondolaGrande_Mesh137.uasset" 409
"../../../../../../Users/danie/OneDrive/Documentos/Unreal Projects/MyProject2V22/Content/GondolaGrande/GondolaGrande_Mesh138.uasset" 410
"../../../../../../Users/danie/OneDrive/Documentos/Unreal Projects/MyProject2V22/Content/GondolaGrande/GondolaGrande_Mesh139.uasset" 411
"../../../../../../Users/danie/OneDrive/Documentos/Unreal Projects/MyProject2V22/Content/GondolaGrande/GondolaGrande_Mesh14.uasset" 412
"../../../../../../Users/danie/OneDrive/Documentos/Unreal Projects/MyProject2V22/Content/GondolaGrande/GondolaGrande_Mesh140.uasset" 413
"../../../../../../Users/danie/OneDrive/Documentos/Unreal Projects/MyProject2V22/Content/GondolaGrande/GondolaGrande_Mesh141.uasset" 414
"../../../../../../Users/danie/OneDrive/Documentos/Unreal Projects/MyProject2V22/Content/GondolaGrande/GondolaGrande_Mesh142.uasset" 415
"../../../../../../Users/danie/OneDrive/Documentos/Unreal Projects/MyProject2V22/Content/GondolaGrande/GondolaGrande_Mesh143.uasset" 416
"../../../../../../Users/danie/OneDrive/Documentos/Unreal Projects/MyProject2V22/Content/GondolaGrande/GondolaGrande_Mesh144.uasset" 417
"../../../../../../Users/danie/OneDrive/Documentos/Unreal Projects/MyProject2V22/Content/GondolaGrande/GondolaGrande_Mesh145.uasset" 418
"../../../../../../Users/danie/OneDrive/Documentos/Unreal Projects/MyProject2V22/Content/GondolaGrande/GondolaGrande_Mesh146.uasset" 419
"../../../../../../Users/danie/OneDrive/Documentos/Unreal Projects/MyProject2V22/Content/GondolaGrande/GondolaGrande_Mesh147.uasset" 420
"../../../../../../Users/danie/OneDrive/Documentos/Unreal Projects/MyProject2V22/Content/GondolaGrande/GondolaGrande_Mesh148.uasset" 421
"../../../../../../Users/danie/OneDrive/Documentos/Unreal Projects/MyProject2V22/Content/GondolaGrande/GondolaGrande_Mesh149.uasset" 422
"../../../../../../Users/danie/OneDrive/Documentos/Unreal Projects/MyProject2V22/Content/GondolaGrande/GondolaGrande_Mesh15.uasset" 423
"../../../../../../Users/danie/OneDrive/Documentos/Unreal Projects/MyProject2V22/Content/GondolaGrande/GondolaGrande_Mesh150.uasset" 424
"../../../../../../Users/danie/OneDrive/Documentos/Unreal Projects/MyProject2V22/Content/GondolaGrande/GondolaGrande_Mesh151.uasset" 425
"../../../../../../Users/danie/OneDrive/Documentos/Unreal Projects/MyProject2V22/Content/GondolaGrande/GondolaGrande_Mesh152.uasset" 426
"../../../../../../Users/danie/OneDrive/Documentos/Unreal Projects/MyProject2V22/Content/GondolaGrande/GondolaGrande_Mesh153.uasset" 427
"../../../../../../Users/danie/OneDrive/Documentos/Unreal Projects/MyProject2V22/Content/GondolaGrande/GondolaGrande_Mesh154.uasset" 428
"../../../../../../Users/danie/OneDrive/Documentos/Unreal Projects/MyProject2V22/Content/GondolaGrande/GondolaGrande_Mesh155.uasset" 429
"../../../../../../Users/danie/OneDrive/Documentos/Unreal Projects/MyProject2V22/Content/GondolaGrande/GondolaGrande_Mesh156.uasset" 430
"../../../../../../Users/danie/OneDrive/Documentos/Unreal Projects/MyProject2V22/Content/GondolaGrande/GondolaGrande_Mesh157.uasset" 431
"../../../../../../Users/danie/OneDrive/Documentos/Unreal Projects/MyProject2V22/Content/GondolaGrande/GondolaGrande_Mesh158.uasset" 432
"../../../../../../Users/danie/OneDrive/Documentos/Unreal Projects/MyProject2V22/Content/GondolaGrande/GondolaGrande_Mesh159.uasset" 433
"../../../../../../Users/danie/OneDrive/Documentos/Unreal Projects/MyProject2V22/Content/GondolaGrande/GondolaGrande_Mesh16.uasset" 434
"../../../../../../Users/danie/OneDrive/Documentos/Unreal Projects/MyProject2V22/Content/GondolaGrande/GondolaGrande_Mesh160.uasset" 435
"../../../../../../Users/danie/OneDrive/Documentos/Unreal Projects/MyProject2V22/Content/GondolaGrande/GondolaGrande_Mesh161.uasset" 436
"../../../../../../Users/danie/OneDrive/Documentos/Unreal Projects/MyProject2V22/Content/GondolaGrande/GondolaGrande_Mesh162.uasset" 437
"../../../../../../Users/danie/OneDrive/Documentos/Unreal Projects/MyProject2V22/Content/GondolaGrande/GondolaGrande_Mesh163.uasset" 438
"../../../../../../Users/danie/OneDrive/Documentos/Unreal Projects/MyProject2V22/Content/GondolaGrande/GondolaGrande_Mesh164.uasset" 439
"../../../../../../Users/danie/OneDrive/Documentos/Unreal Projects/MyProject2V22/Content/GondolaGrande/GondolaGrande_Mesh165.uasset" 440
"../../../../../../Users/danie/OneDrive/Documentos/Unreal Projects/MyProject2V22/Content/GondolaGrande/GondolaGrande_Mesh166.uasset" 441
"../../../../../../Users/danie/OneDrive/Documentos/Unreal Projects/MyProject2V22/Content/GondolaGrande/GondolaGrande_Mesh167.uasset" 442
"../../../../../../Users/danie/OneDrive/Documentos/Unreal Projects/MyProject2V22/Content/GondolaGrande/GondolaGrande_Mesh168.uasset" 443
"../../../../../../Users/danie/OneDrive/Documentos/Unreal Projects/MyProject2V22/Content/GondolaGrande/GondolaGrande_Mesh169.uasset" 444
"../../../../../../Users/danie/OneDrive/Documentos/Unreal Projects/MyProject2V22/Content/GondolaGrande/GondolaGrande_Mesh17.uasset" 445
"../../../../../../Users/danie/OneDrive/Documentos/Unreal Projects/MyProject2V22/Content/GondolaGrande/GondolaGrande_Mesh170.uasset" 446
"../../../../../../Users/danie/OneDrive/Documentos/Unreal Projects/MyProject2V22/Content/GondolaGrande/GondolaGrande_Mesh171.uasset" 447
"../../../../../../Users/danie/OneDrive/Documentos/Unreal Projects/MyProject2V22/Content/GondolaGrande/GondolaGrande_Mesh172.uasset" 448
"../../../../../../Users/danie/OneDrive/Documentos/Unreal Projects/MyProject2V22/Content/GondolaGrande/GondolaGrande_Mesh173.uasset" 449
"../../../../../../Users/danie/OneDrive/Documentos/Unreal Projects/MyProject2V22/Content/GondolaGrande/GondolaGrande_Mesh174.uasset" 450
"../../../../../../Users/danie/OneDrive/Documentos/Unreal Projects/MyProject2V22/Content/GondolaGrande/GondolaGrande_Mesh175.uasset" 451
"../../../../../../Users/danie/OneDrive/Documentos/Unreal Projects/MyProject2V22/Content/GondolaGrande/GondolaGrande_Mesh176.uasset" 452
"../../../../../../Users/danie/OneDrive/Documentos/Unreal Projects/MyProject2V22/Content/GondolaGrande/GondolaGrande_Mesh177.uasset" 453
"../../../../../../Users/danie/OneDrive/Documentos/Unreal Projects/MyProject2V22/Content/GondolaGrande/GondolaGrande_Mesh178.uasset" 454
"../../../../../../Users/danie/OneDrive/Documentos/Unreal Projects/MyProject2V22/Content/GondolaGrande/GondolaGrande_Mesh179.uasset" 455
"../../../../../../Users/danie/OneDrive/Documentos/Unreal Projects/MyProject2V22/Content/GondolaGrande/GondolaGrande_Mesh18.uasset" 456
"../../../../../../Users/danie/OneDrive/Documentos/Unreal Projects/MyProject2V22/Content/GondolaGrande/M_0009_Linen.uasset" 457
"../../../../../../Users/danie/OneDrive/Documentos/Unreal Projects/MyProject2V22/Content/GondolaGrande/GondolaGrande_Mesh19.uasset" 458
"../../../../../../Users/danie/OneDrive/Documentos/Unreal Projects/MyProject2V22/Content/GondolaGrande/GondolaGrande_Mesh2.uasset" 459
"../../../../../../Users/danie/OneDrive/Documentos/Unreal Projects/MyProject2V22/Content/GondolaGrande/M_0132_LightGray.uasset" 460
"../../../../../../Users/danie/OneDrive/Documentos/Unreal Projects/MyProject2V22/Content/GondolaGrande/GondolaGrande_Mesh20.uasset" 461
"../../../../../../Users/danie/OneDrive/Documentos/Unreal Projects/MyProject2V22/Content/GondolaGrande/GondolaGrande_Mesh21.uasset" 462
"../../../../../../Users/danie/OneDrive/Documentos/Unreal Projects/MyProject2V22/Content/GondolaGrande/GondolaGrande_Mesh22.uasset" 463
"../../../../../../Users/danie/OneDrive/Documentos/Unreal Projects/MyProject2V22/Content/GondolaGrande/GondolaGrande_Mesh23.uasset" 464
"../../../../../../Users/danie/OneDrive/Documentos/Unreal Projects/MyProject2V22/Content/GondolaGrande/GondolaGrande_Mesh24.uasset" 465
"../../../../../../Users/danie/OneDrive/Documentos/Unreal Projects/MyProject2V22/Content/GondolaGrande/GondolaGrande_Mesh25.uasset" 466
"../../../../../../Users/danie/OneDrive/Documentos/Unreal Projects/MyProject2V22/Content/GondolaGrande/GondolaGrande_Mesh26.uasset" 467
"../../../../../../Users/danie/OneDrive/Documentos/Unreal Projects/MyProject2V22/Content/GondolaGrande/GondolaGrande_Mesh27.uasset" 468
"../../../../../../Users/danie/OneDrive/Documentos/Unreal Projects/MyProject2V22/Content/GondolaGrande/Translucent_Glass_Gray.uasset" 469
"../../../../../../Users/danie/OneDrive/Documentos/Unreal Projects/MyProject2V22/Content/GondolaGrande/GondolaGrande_Mesh28.uasset" 470
"../../../../../../Users/danie/OneDrive/Documentos/Unreal Projects/MyProject2V22/Content/GondolaGrande/GondolaGrande_Mesh29.uasset" 471
"../../../../../../Users/danie/OneDrive/Documentos/Unreal Projects/MyProject2V22/Content/GondolaGrande/GondolaGrande_Mesh3.uasset" 472
"../../../../../../Users/danie/OneDrive/Documentos/Unreal Projects/MyProject2V22/Content/GondolaGrande/GondolaGrande_Mesh30.uasset" 473
"../../../../../../Users/danie/OneDrive/Documentos/Unreal Projects/MyProject2V22/Content/GondolaGrande/GondolaGrande_Mesh31.uasset" 474
"../../../../../../Users/danie/OneDrive/Documentos/Unreal Projects/MyProject2V22/Content/GondolaGrande/GondolaGrande_Mesh32.uasset" 475
"../../../../../../Users/danie/OneDrive/Documentos/Unreal Projects/MyProject2V22/Content/GondolaGrande/GondolaGrande_Mesh33.uasset" 476
"../../../../../../Users/danie/OneDrive/Documentos/Unreal Projects/MyProject2V22/Content/GondolaGrande/GondolaGrande_Mesh34.uasset" 477
"../../../../../../Users/danie/OneDrive/Documentos/Unreal Projects/MyProject2V22/Content/GondolaGrande/GondolaGrande_Mesh35.uasset" 478
"../../../../../../Users/danie/OneDrive/Documentos/Unreal Projects/MyProject2V22/Content/GondolaGrande/GondolaGrande_Mesh36.uasset" 479
"../../../../../../Users/danie/OneDrive/Documentos/Unreal Projects/MyProject2V22/Content/GondolaGrande/GondolaGrande_Mesh37.uasset" 480
"../../../../../../Users/danie/OneDrive/Documentos/Unreal Projects/MyProject2V22/Content/GondolaGrande/GondolaGrande_Mesh38.uasset" 481
"../../../../../../Users/danie/OneDrive/Documentos/Unreal Projects/MyProject2V22/Content/GondolaGrande/GondolaGrande_Mesh39.uasset" 482
"../../../../../../Users/danie/OneDrive/Documentos/Unreal Projects/MyProject2V22/Content/GondolaGrande/GondolaGrande_Mesh4.uasset" 483
"../../../../../../Users/danie/OneDrive/Documentos/Unreal Projects/MyProject2V22/Content/GondolaGrande/GondolaGrande_Mesh40.uasset" 484
"../../../../../../Users/danie/OneDrive/Documentos/Unreal Projects/MyProject2V22/Content/GondolaGrande/GondolaGrande_Mesh41.uasset" 485
"../../../../../../Users/danie/OneDrive/Documentos/Unreal Projects/MyProject2V22/Content/GondolaGrande/GondolaGrande_Mesh42.uasset" 486
"../../../../../../Users/danie/OneDrive/Documentos/Unreal Projects/MyProject2V22/Content/GondolaGrande/_0135_DarkGray_1.uasset" 487
"../../../../../../Users/danie/OneDrive/Documentos/Unreal Projects/MyProject2V22/Content/GondolaGrande/GondolaGrande_Mesh43.uasset" 488
"../../../../../../Users/danie/OneDrive/Documentos/Unreal Projects/MyProject2V22/Content/GondolaGrande/GondolaGrande_Mesh44.uasset" 489
"../../../../../../Users/danie/OneDrive/Documentos/Unreal Projects/MyProject2V22/Content/GondolaGrande/GondolaGrande_Mesh45.uasset" 490
"../../../../../../Users/danie/OneDrive/Documentos/Unreal Projects/MyProject2V22/Content/GondolaGrande/GondolaGrande_Mesh46.uasset" 491
"../../../../../../Users/danie/OneDrive/Documentos/Unreal Projects/MyProject2V22/Content/GondolaGrande/GondolaGrande_Mesh47.uasset" 492
"../../../../../../Users/danie/OneDrive/Documentos/Unreal Projects/MyProject2V22/Content/GondolaGrande/GondolaGrande_Mesh48.uasset" 493
"../../../../../../Users/danie/OneDrive/Documentos/Unreal Projects/MyProject2V22/Content/GondolaGrande/GondolaGrande_Mesh49.uasset" 494
"../../../../../../Users/danie/OneDrive/Documentos/Unreal Projects/MyProject2V22/Content/GondolaGrande/GondolaGrande_Mesh5.uasset" 495
"../../../../../../Users/danie/OneDrive/Documentos/Unreal Projects/MyProject2V22/Content/GondolaGrande/GondolaGrande_Mesh50.uasset" 496
"../../../../../../Users/danie/OneDrive/Documentos/Unreal Projects/MyProject2V22/Content/GondolaGrande/GondolaGrande_Mesh51.uasset" 497
"../../../../../../Users/danie/OneDrive/Documentos/Unreal Projects/MyProject2V22/Content/GondolaGrande/GondolaGrande_Mesh52.uasset" 498
"../../../../../../Users/danie/OneDrive/Documentos/Unreal Projects/MyProject2V22/Content/GondolaGrande/GondolaGrande_Mesh53.uasset" 499
"../../../../../../Users/danie/OneDrive/Documentos/Unreal Projects/MyProject2V22/Content/GondolaGrande/GondolaGrande_Mesh54.uasset" 500
"../../../../../../Users/danie/OneDrive/Documentos/Unreal Projects/MyProject2V22/Content/GondolaGrande/GondolaGrande_Mesh55.uasset" 501
"../../../../../../Users/danie/OneDrive/Documentos/Unreal Projects/MyProject2V22/Content/GondolaGrande/GondolaGrande_Mesh56.uasset" 502
"../../../../../../Users/danie/OneDrive/Documentos/Unreal Projects/MyProject2V22/Content/GondolaGrande/GondolaGrande_Mesh57.uasset" 503
"../../../../../../Users/danie/OneDrive/Documentos/Unreal Projects/MyProject2V22/Content/GondolaGrande/GondolaGrande_Mesh58.uasset" 504
"../../../../../../Users/danie/OneDrive/Documentos/Unreal Projects/MyProject2V22/Content/GondolaGrande/GondolaGrande_Mesh59.uasset" 505
"../../../../../../Users/danie/OneDrive/Documentos/Unreal Projects/MyProject2V22/Content/GondolaGrande/GondolaGrande_Mesh6.uasset" 506
"../../../../../../Users/danie/OneDrive/Documentos/Unreal Projects/MyProject2V22/Content/GondolaGrande/GondolaGrande_Mesh60.uasset" 507
"../../../../../../Users/danie/OneDrive/Documentos/Unreal Projects/MyProject2V22/Content/GondolaGrande/GondolaGrande_Mesh61.uasset" 508
"../../../../../../Users/danie/OneDrive/Documentos/Unreal Projects/MyProject2V22/Content/GondolaGrande/GondolaGrande_Mesh62.uasset" 509
"../../../../../../Users/danie/OneDrive/Documentos/Unreal Projects/MyProject2V22/Content/GondolaGrande/GondolaGrande_Mesh63.uasset" 510
"../../../../../../Users/danie/OneDrive/Documentos/Unreal Projects/MyProject2V22/Content/GondolaGrande/GondolaGrande_Mesh64.uasset" 511
"../../../../../../Users/danie/OneDrive/Documentos/Unreal Projects/MyProject2V22/Content/GondolaGrande/GondolaGrande_Mesh65.uasset" 512
"../../../../../../Users/danie/OneDrive/Documentos/Unreal Projects/MyProject2V22/Content/GondolaGrande/GondolaGrande_Mesh66.uasset" 513
"../../../../../../Users/danie/OneDrive/Documentos/Unreal Projects/MyProject2V22/Content/GondolaGrande/GondolaGrande_Mesh67.uasset" 514
"../../../../../../Users/danie/OneDrive/Documentos/Unreal Projects/MyProject2V22/Content/GondolaGrande/GondolaGrande_Mesh68.uasset" 515
"../../../../../../Users/danie/OneDrive/Documentos/Unreal Projects/MyProject2V22/Content/GondolaGrande/GondolaGrande_Mesh69.uasset" 516
"../../../../../../Users/danie/OneDrive/Documentos/Unreal Projects/MyProject2V22/Content/GondolaGrande/GondolaGrande_Mesh7.uasset" 517
"../../../../../../Users/danie/OneDrive/Documentos/Unreal Projects/MyProject2V22/Content/GondolaGrande/GondolaGrande_Mesh70.uasset" 518
"../../../../../../Users/danie/OneDrive/Documentos/Unreal Projects/MyProject2V22/Content/GondolaGrande/GondolaGrande_Mesh71.uasset" 519
"../../../../../../Users/danie/OneDrive/Documentos/Unreal Projects/MyProject2V22/Content/GondolaGrande/GondolaGrande_Mesh72.uasset" 520
"../../../../../../Users/danie/OneDrive/Documentos/Unreal Projects/MyProject2V22/Content/GondolaGrande/GondolaGrande_Mesh73.uasset" 521
"../../../../../../Users/danie/OneDrive/Documentos/Unreal Projects/MyProject2V22/Content/GondolaGrande/GondolaGrande_Mesh74.uasset" 522
"../../../../../../Users/danie/OneDrive/Documentos/Unreal Projects/MyProject2V22/Content/GondolaGrande/GondolaGrande_Mesh75.uasset" 523
"../../../../../../Users/danie/OneDrive/Documentos/Unreal Projects/MyProject2V22/Content/GondolaGrande/GondolaGrande_Mesh76.uasset" 524
"../../../../../../Users/danie/OneDrive/Documentos/Unreal Projects/MyProject2V22/Content/GondolaGrande/GondolaGrande_Mesh77.uasset" 525
"../../../../../../Users/danie/OneDrive/Documentos/Unreal Projects/MyProject2V22/Content/GondolaGrande/GondolaGrande_Mesh78.uasset" 526
"../../../../../../Users/danie/OneDrive/Documentos/Unreal Projects/MyProject2V22/Content/GondolaGrande/GondolaGrande_Mesh79.uasset" 527
"../../../../../../Users/danie/OneDrive/Documentos/Unreal Projects/MyProject2V22/Content/GondolaGrande/GondolaGrande_Mesh8.uasset" 528
"../../../../../../Users/danie/OneDrive/Documentos/Unreal Projects/MyProject2V22/Content/GondolaGrande/GondolaGrande_Mesh80.uasset" 529
"../../../../../../Users/danie/OneDrive/Documentos/Unreal Projects/MyProject2V22/Content/GondolaGrande/GondolaGrande_Mesh81.uasset" 530
"../../../../../../Users/danie/OneDrive/Documentos/Unreal Projects/MyProject2V22/Content/GondolaGrande/GondolaGrande_Mesh82.uasset" 531
"../../../../../../Users/danie/OneDrive/Documentos/Unreal Projects/MyProject2V22/Content/GondolaGrande/GondolaGrande_Mesh83.uasset" 532
"../../../../../../Users/danie/OneDrive/Documentos/Unreal Projects/MyProject2V22/Content/GondolaGrande/GondolaGrande_Mesh84.uasset" 533
"../../../../../../Users/danie/OneDrive/Documentos/Unreal Projects/MyProject2V22/Content/GondolaGrande/GondolaGrande_Mesh85.uasset" 534
"../../../../../../Users/danie/OneDrive/Documentos/Unreal Projects/MyProject2V22/Content/GondolaGrande/GondolaGrande_Mesh86.uasset" 535
"../../../../../../Users/danie/OneDrive/Documentos/Unreal Projects/MyProject2V22/Content/GondolaGrande/GondolaGrande_Mesh87.uasset" 536
"../../../../../../Users/danie/OneDrive/Documentos/Unreal Projects/MyProject2V22/Content/GondolaGrande/GondolaGrande_Mesh88.uasset" 537
"../../../../../../Users/danie/OneDrive/Documentos/Unreal Projects/MyProject2V22/Content/GondolaGrande/GondolaGrande_Mesh89.uasset" 538
"../../../../../../Users/danie/OneDrive/Documentos/Unreal Projects/MyProject2V22/Content/GondolaGrande/GondolaGrande_Mesh9.uasset" 539
"../../../../../../Users/danie/OneDrive/Documentos/Unreal Projects/MyProject2V22/Content/GondolaGrande/GondolaGrande_Mesh90.uasset" 540
"../../../../../../Users/danie/OneDrive/Documentos/Unreal Projects/MyProject2V22/Content/GondolaGrande/GondolaGrande_Mesh91.uasset" 541
"../../../../../../Users/danie/OneDrive/Documentos/Unreal Projects/MyProject2V22/Content/GondolaGrande/GondolaGrande_Mesh92.uasset" 542
"../../../../../../Users/danie/OneDrive/Documentos/Unreal Projects/MyProject2V22/Content/GondolaGrande/GondolaGrande_Mesh93.uasset" 543
"../../../../../../Users/danie/OneDrive/Documentos/Unreal Projects/MyProject2V22/Content/GondolaGrande/GondolaGrande_Mesh94.uasset" 544
"../../../../../../Users/danie/OneDrive/Documentos/Unreal Projects/MyProject2V22/Content/GondolaGrande/GondolaGrande_Mesh95.uasset" 545
"../../../../../../Users/danie/OneDrive/Documentos/Unreal Projects/MyProject2V22/Content/GondolaGrande/GondolaGrande_Mesh96.uasset" 546
"../../../../../../Users/danie/OneDrive/Documentos/Unreal Projects/MyProject2V22/Content/GondolaGrande/GondolaGrande_Mesh97.uasset" 547
"../../../../../../Users/danie/OneDrive/Documentos/Unreal Projects/MyProject2V22/Content/GondolaGrande/GondolaGrande_Mesh98.uasset" 548
"../../../../../../Users/danie/OneDrive/Documentos/Unreal Projects/MyProject2V22/Content/GondolaGrande/GondolaGrande_Mesh99.uasset" 549
"../../../../../../Users/danie/OneDrive/Documentos/Unreal Projects/MyProject2V22/Content/NuevoMapa.umap" 550
